TN:
SF:src/modules/users/useCases/CreateUser/CreateUserUseCase.ts
FN:8,CreateUserUseCase
FN:12,execute
FNF:2
FNH:2
FNDA:4,CreateUserUseCase
FNDA:6,execute
DA:1,1
DA:2,1
DA:3,1
DA:4,1
DA:5,1
DA:6,1
DA:7,1
DA:8,1
DA:9,4
DA:10,4
DA:11,1
DA:12,1
DA:13,6
DA:14,6
DA:15,6
DA:16,6
DA:17,6
DA:18,6
DA:19,6
DA:20,6
DA:21,1
DA:22,1
DA:23,5
DA:24,5
DA:25,5
DA:26,5
DA:27,5
DA:28,5
DA:29,5
DA:30,5
DA:31,5
DA:32,5
DA:33,5
DA:34,5
DA:35,1
DA:36,1
DA:37,1
LF:37
LH:37
BRDA:8,0,0,4
BRDA:12,1,0,6
BRDA:20,2,0,5
BRDA:20,3,0,1
BRF:4
BRH:4
end_of_record
TN:
SF:src/modules/users/useCases/DeleteUser/DeleteUserUseCase.ts
FN:5,DeleteUserUseCase
FN:9,execute
FNF:2
FNH:2
FNDA:1,DeleteUserUseCase
FNDA:2,execute
DA:1,1
DA:2,1
DA:3,1
DA:4,1
DA:5,1
DA:6,1
DA:7,1
DA:8,1
DA:9,1
DA:10,2
DA:11,2
DA:12,1
DA:13,1
DA:14,1
DA:15,1
DA:16,1
DA:17,1
DA:18,1
LF:18
LH:18
BRDA:5,0,0,1
BRDA:9,1,0,2
BRDA:11,2,0,1
BRF:3
BRH:3
end_of_record
TN:
SF:src/modules/users/useCases/ListAllUser/ListAllUserUseCase.ts
FN:5,ListAllUserUseCase
FN:9,execute
FNF:2
FNH:2
FNDA:2,ListAllUserUseCase
FNDA:2,execute
DA:1,1
DA:2,1
DA:3,1
DA:4,1
DA:5,1
DA:6,2
DA:7,2
DA:8,1
DA:9,1
DA:10,2
DA:11,2
DA:12,2
DA:13,1
DA:14,1
DA:15,1
LF:15
LH:15
BRDA:5,0,0,2
BRDA:9,1,0,2
BRF:2
BRH:2
end_of_record
